Performing C SOURCE FILE Test CMAKE_HAVE_LIBC_PTHREAD failed with the following output:
Change Dir: /home/iris_dl/IRiS_WS/Sang Min Lee/NAVERLABS_PlaceRecognition/Feature_Matching_GMS+ORB/GMS-Feature-Matcher-master/build/CMakeFiles/CMakeTmp

Run Build Command(s):/usr/bin/make cmTC_03a1f/fast && /usr/bin/make  -f CMakeFiles/cmTC_03a1f.dir/build.make CMakeFiles/cmTC_03a1f.dir/build
make[1]: 디렉터리 '/home/iris_dl/IRiS_WS/Sang Min Lee/NAVERLABS_PlaceRecognition/Feature_Matching_GMS+ORB/GMS-Feature-Matcher-master/build/CMakeFiles/CMakeTmp' 들어감
Building C object CMakeFiles/cmTC_03a1f.dir/src.c.o
/usr/bin/cc   -fPIC -DCMAKE_HAVE_LIBC_PTHREAD -o CMakeFiles/cmTC_03a1f.dir/src.c.o -c "/home/iris_dl/IRiS_WS/Sang Min Lee/NAVERLABS_PlaceRecognition/Feature_Matching_GMS+ORB/GMS-Feature-Matcher-master/build/CMakeFiles/CMakeTmp/src.c"
Linking C executable cmTC_03a1f
/usr/local/bin/cmake -E cmake_link_script CMakeFiles/cmTC_03a1f.dir/link.txt --verbose=1
/usr/bin/cc -fPIC -DCMAKE_HAVE_LIBC_PTHREAD -rdynamic CMakeFiles/cmTC_03a1f.dir/src.c.o -o cmTC_03a1f 
CMakeFiles/cmTC_03a1f.dir/src.c.o: In function `main':
src.c:(.text+0x3e): undefined reference to `pthread_create'
src.c:(.text+0x4a): undefined reference to `pthread_detach'
src.c:(.text+0x56): undefined reference to `pthread_cancel'
src.c:(.text+0x67): undefined reference to `pthread_join'
src.c:(.text+0x7b): undefined reference to `pthread_atfork'
collect2: error: ld returned 1 exit status
CMakeFiles/cmTC_03a1f.dir/build.make:106: recipe for target 'cmTC_03a1f' failed
make[1]: *** [cmTC_03a1f] Error 1
make[1]: 디렉터리 '/home/iris_dl/IRiS_WS/Sang Min Lee/NAVERLABS_PlaceRecognition/Feature_Matching_GMS+ORB/GMS-Feature-Matcher-master/build/CMakeFiles/CMakeTmp' 나감
Makefile:141: recipe for target 'cmTC_03a1f/fast' failed
make: *** [cmTC_03a1f/fast] Error 2


Source file was:
#include <pthread.h>

void* test_func(void* data)
{
  return data;
}

int main(void)
{
  pthread_t thread;
  pthread_create(&thread, NULL, test_func, NULL);
  pthread_detach(thread);
  pthread_cancel(thread);
  pthread_join(thread, NULL);
  pthread_atfork(NULL, NULL, NULL);
  pthread_exit(NULL);

  return 0;
}

Determining if the function pthread_create exists in the pthreads failed with the following output:
Change Dir: /home/iris_dl/IRiS_WS/Sang Min Lee/NAVERLABS_PlaceRecognition/Feature_Matching_GMS+ORB/GMS-Feature-Matcher-master/build/CMakeFiles/CMakeTmp

Run Build Command(s):/usr/bin/make cmTC_f10ec/fast && /usr/bin/make  -f CMakeFiles/cmTC_f10ec.dir/build.make CMakeFiles/cmTC_f10ec.dir/build
make[1]: 디렉터리 '/home/iris_dl/IRiS_WS/Sang Min Lee/NAVERLABS_PlaceRecognition/Feature_Matching_GMS+ORB/GMS-Feature-Matcher-master/build/CMakeFiles/CMakeTmp' 들어감
Building C object CMakeFiles/cmTC_f10ec.dir/CheckFunctionExists.c.o
/usr/bin/cc   -fPIC -DCHECK_FUNCTION_EXISTS=pthread_create -o CMakeFiles/cmTC_f10ec.dir/CheckFunctionExists.c.o -c /usr/local/share/cmake-3.18/Modules/CheckFunctionExists.c
Linking C executable cmTC_f10ec
/usr/local/bin/cmake -E cmake_link_script CMakeFiles/cmTC_f10ec.dir/link.txt --verbose=1
/usr/bin/cc -fPIC -DCHECK_FUNCTION_EXISTS=pthread_create -rdynamic CMakeFiles/cmTC_f10ec.dir/CheckFunctionExists.c.o -o cmTC_f10ec  -lpthreads 
/usr/bin/ld: cannot find -lpthreads
collect2: error: ld returned 1 exit status
CMakeFiles/cmTC_f10ec.dir/build.make:106: recipe for target 'cmTC_f10ec' failed
make[1]: *** [cmTC_f10ec] Error 1
make[1]: 디렉터리 '/home/iris_dl/IRiS_WS/Sang Min Lee/NAVERLABS_PlaceRecognition/Feature_Matching_GMS+ORB/GMS-Feature-Matcher-master/build/CMakeFiles/CMakeTmp' 나감
Makefile:141: recipe for target 'cmTC_f10ec/fast' failed
make: *** [cmTC_f10ec/fast] Error 2



