Performing C SOURCE FILE Test CMAKE_HAVE_LIBC_PTHREAD failed with the following output:
Change Dir: /home/iris_dl/IRiS_WS/Sang Min Lee/NAVERLABS_PlaceRecognition/Place_Recognition_DBoW3/build/CMakeFiles/CMakeTmp

Run Build Command(s):/usr/bin/make cmTC_c1a06/fast && /usr/bin/make  -f CMakeFiles/cmTC_c1a06.dir/build.make CMakeFiles/cmTC_c1a06.dir/build
make[1]: 디렉터리 '/home/iris_dl/IRiS_WS/Sang Min Lee/NAVERLABS_PlaceRecognition/Place_Recognition_DBoW3/build/CMakeFiles/CMakeTmp' 들어감
Building C object CMakeFiles/cmTC_c1a06.dir/src.c.o
/usr/bin/cc   -DCMAKE_HAVE_LIBC_PTHREAD -o CMakeFiles/cmTC_c1a06.dir/src.c.o -c "/home/iris_dl/IRiS_WS/Sang Min Lee/NAVERLABS_PlaceRecognition/Place_Recognition_DBoW3/build/CMakeFiles/CMakeTmp/src.c"
Linking C executable cmTC_c1a06
/usr/local/bin/cmake -E cmake_link_script CMakeFiles/cmTC_c1a06.dir/link.txt --verbose=1
/usr/bin/cc  -DCMAKE_HAVE_LIBC_PTHREAD -rdynamic CMakeFiles/cmTC_c1a06.dir/src.c.o -o cmTC_c1a06 
CMakeFiles/cmTC_c1a06.dir/src.c.o: In function `main':
src.c:(.text+0x3e): undefined reference to `pthread_create'
src.c:(.text+0x4a): undefined reference to `pthread_detach'
src.c:(.text+0x56): undefined reference to `pthread_cancel'
src.c:(.text+0x67): undefined reference to `pthread_join'
src.c:(.text+0x7b): undefined reference to `pthread_atfork'
collect2: error: ld returned 1 exit status
CMakeFiles/cmTC_c1a06.dir/build.make:106: recipe for target 'cmTC_c1a06' failed
make[1]: *** [cmTC_c1a06] Error 1
make[1]: 디렉터리 '/home/iris_dl/IRiS_WS/Sang Min Lee/NAVERLABS_PlaceRecognition/Place_Recognition_DBoW3/build/CMakeFiles/CMakeTmp' 나감
Makefile:141: recipe for target 'cmTC_c1a06/fast' failed
make: *** [cmTC_c1a06/fast] Error 2


Source file was:
#include <pthread.h>

void* test_func(void* data)
{
  return data;
}

int main(void)
{
  pthread_t thread;
  pthread_create(&thread, NULL, test_func, NULL);
  pthread_detach(thread);
  pthread_cancel(thread);
  pthread_join(thread, NULL);
  pthread_atfork(NULL, NULL, NULL);
  pthread_exit(NULL);

  return 0;
}

Determining if the function pthread_create exists in the pthreads failed with the following output:
Change Dir: /home/iris_dl/IRiS_WS/Sang Min Lee/NAVERLABS_PlaceRecognition/Place_Recognition_DBoW3/build/CMakeFiles/CMakeTmp

Run Build Command(s):/usr/bin/make cmTC_3b56a/fast && /usr/bin/make  -f CMakeFiles/cmTC_3b56a.dir/build.make CMakeFiles/cmTC_3b56a.dir/build
make[1]: 디렉터리 '/home/iris_dl/IRiS_WS/Sang Min Lee/NAVERLABS_PlaceRecognition/Place_Recognition_DBoW3/build/CMakeFiles/CMakeTmp' 들어감
Building C object CMakeFiles/cmTC_3b56a.dir/CheckFunctionExists.c.o
/usr/bin/cc   -DCHECK_FUNCTION_EXISTS=pthread_create -o CMakeFiles/cmTC_3b56a.dir/CheckFunctionExists.c.o -c /usr/local/share/cmake-3.18/Modules/CheckFunctionExists.c
Linking C executable cmTC_3b56a
/usr/local/bin/cmake -E cmake_link_script CMakeFiles/cmTC_3b56a.dir/link.txt --verbose=1
/usr/bin/cc  -DCHECK_FUNCTION_EXISTS=pthread_create -rdynamic CMakeFiles/cmTC_3b56a.dir/CheckFunctionExists.c.o -o cmTC_3b56a  -lpthreads 
/usr/bin/ld: cannot find -lpthreads
collect2: error: ld returned 1 exit status
CMakeFiles/cmTC_3b56a.dir/build.make:106: recipe for target 'cmTC_3b56a' failed
make[1]: *** [cmTC_3b56a] Error 1
make[1]: 디렉터리 '/home/iris_dl/IRiS_WS/Sang Min Lee/NAVERLABS_PlaceRecognition/Place_Recognition_DBoW3/build/CMakeFiles/CMakeTmp' 나감
Makefile:141: recipe for target 'cmTC_3b56a/fast' failed
make: *** [cmTC_3b56a/fast] Error 2



